  Player.cpp
D:\cpp\platformer_game\Player.cpp(70,30): warning C4244: '=': conversion from 'float' to 'T', possible loss of data
          with
          [
              T=int
          ]
D:\cpp\platformer_game\Player.cpp(71,32): warning C4244: '+=': conversion from 'float' to 'T', possible loss of data
          with
          [
              T=int
          ]
D:\cpp\platformer_game\Player.cpp(81,30): warning C4244: '=': conversion from 'float' to 'T', possible loss of data
          with
          [
              T=int
          ]
D:\cpp\platformer_game\Player.cpp(82,32): warning C4244: '+=': conversion from 'float' to 'T', possible loss of data
          with
          [
              T=int
          ]
  platformer_game.vcxproj -> D:\cpp\platformer_game\x64\Debug\platformer_game.exe
